sample.interval=20000
"as.name" "loadNamespace" "doTryCatch" "tryCatchOne" "tryCatchList" "tryCatch" "try" "library" 
"objects" "match" "checkConflicts" "attach" "attachNamespace" "doTryCatch" "tryCatchOne" "tryCatchList" "tryCatch" "try" "library" 
"objects" "match" "checkConflicts" "library" 
"$" "pushvpgp" "preDraw.grob" "preDraw" "drawGrob" "recordGraphics" "grid.draw.grob" "grid.draw" "drawGTree" "recordGraphics" "grid.draw.gTree" "grid.draw" "drawGTree" "recordGraphics" "grid.draw.gTree" "NextMethod" "grid.draw.gTableChild" "grid.draw" "drawGTree" 
"set.gpar" "pushvpgp" "preDraw.grob" "<Anonymous>" "grid.Call.graphics" "push.vp.viewport" "FUN" "lapply" "pushViewport" "pushgrobvp.viewport" "pushgrobvp" "pushvpgp" "preDraw.gTree" "preDraw" "drawGTree" "recordGraphics" "grid.draw.gTree" "NextMethod" "grid.draw.absoluteGrob" "NextMethod" "grid.draw.gTableChild" "grid.draw" "drawGTree" 
"$" "grid.draw" "drawGTree" "recordGraphics" "grid.draw.gTree" "NextMethod" "grid.draw.gTableChild" "grid.draw" "grid.draw.gtable" "NextMethod" "grid.draw.gTableChild" "grid.draw" "drawGTree" 
"$" "current.vpPath" "upViewport" "grid.draw.gTableChild" "grid.draw" "drawGTree" "recordGraphics" "grid.draw.gTree" "NextMethod" "grid.draw.gTableChild" "grid.draw" "grid.draw.gtable" "NextMethod" "grid.draw.gTableChild" "grid.draw" "drawGTree" "recordGraphics" "grid.draw.gTree" "NextMethod" "grid.draw.gTableChild" "grid.draw" "grid.draw.gtable" "NextMethod" "grid.draw.gTableChild" "grid.draw" "drawGTree" 
"save" "<Anonymous>" 
".Call" "grid.Call" "drawGTree" 
"stringUnit" "valid.data" "valid.unit" "unit" "is.unit" "viewport" "<Anonymous>" "mapply" "grid.draw.gtable" "grid.draw" "drawGTree" "recordGraphics" "grid.draw.gTree" "NextMethod" "grid.draw.absoluteGrob" "NextMethod" "grid.draw.gTableChild" "grid.draw" "drawGTree" 
"postDrawDetails" "postDraw.grob" "<Anonymous>" "grid.Call.graphics" "push.vp.viewport" "FUN" "lapply" "pushViewport" "preDrawDetails.gTableParent" "preDrawDetails" "preDraw.gTree" "preDraw" "drawGTree" "recordGraphics" "grid.draw.gTree" "grid.draw" "grid.draw.gtable" "grid.draw" "drawGTree" "recordGraphics" "grid.draw.gTree" "NextMethod" "grid.draw.absoluteGrob" "NextMethod" "grid.draw.gTableChild" "grid.draw" "drawGTree" 
"grid.Call.graphics" "push.vp.viewport" "FUN" "lapply" "pushViewport" "preDrawDetails.gTableParent" "preDrawDetails" "preDraw.gTree" "preDraw" "drawGTree" "recordGraphics" "grid.draw.gTree" "NextMethod" "grid.draw.gTableChild" "grid.draw" "grid.draw.gtable" "NextMethod" "grid.draw.gTableChild" "grid.draw" "drawGTree" "recordGraphics" "grid.draw.gTree" "NextMethod" "grid.draw.gTableChild" "grid.draw" "grid.draw.gtable" "NextMethod" "grid.draw.gTableChild" "grid.draw" "drawGTree" 
"names" "names" "match" "%in%" "set.gpar" "pushvpgp" "preDraw.grob" "<Anonymous>" "grid.Call.graphics" "push.vp.viewport" "FUN" "lapply" "pushViewport" "preDrawDetails.gTableParent" "preDrawDetails" "preDraw.gTree" "preDraw" "drawGTree" 
"grid.Call" "grid.Call.graphics" "set.gpar" "push.vp.viewport" "FUN" "lapply" "pushViewport" "grid.draw.gTableChild" "grid.draw" "drawGTree" "recordGraphics" "grid.draw.gTree" "grid.draw" "grid.draw.gtable" "grid.draw" "drawGTree" "recordGraphics" "grid.draw.gTree" "NextMethod" "grid.draw.absoluteGrob" "NextMethod" "grid.draw.gTableChild" "grid.draw" "drawGTree" 
"as.list" "lapply" "sapply" "valid.data" "valid.unit" "unit" "is.unit" "viewport" "gTree" "grid.draw.gtable" "NextMethod" "grid.draw.gTableChild" "grid.draw" "drawGTree" 
"$" "match" "rootVP" "current.vpPath" "upViewport" "grid.draw.gTableChild" "grid.draw" "drawGTree" "recordGraphics" "grid.draw.gTree" "NextMethod" "grid.draw.gTableChild" "grid.draw" "grid.draw.gtable" "NextMethod" "grid.draw.gTableChild" "grid.draw" "drawGTree" "recordGraphics" "grid.draw.gTree" "NextMethod" "grid.draw.gTableChild" "grid.draw" "grid.draw.gtable" "NextMethod" "grid.draw.gTableChild" "grid.draw" "drawGTree" 
"makeContext" "preDraw.grob" "<Anonymous>" "grid.Call.graphics" "push.vp.viewport" "FUN" "lapply" "pushViewport" "preDrawDetails.gTableParent" "preDrawDetails" "preDraw.gTree" "preDraw" "drawGTree" 
"grid.draw.grob" "grid.draw" "drawGTree" "recordGraphics" "grid.draw.gTree" "NextMethod" "grid.draw.absoluteGrob" "NextMethod" "grid.draw.gTableChild" "grid.draw" "drawGTree" 
"$" "match" "rootVP" "current.vpPath" "upViewport" "grid.draw.gTableChild" "grid.draw" "drawGTree" "recordGraphics" "grid.draw.gTree" "NextMethod" "grid.draw.gTableChild" "grid.draw" "grid.draw.gtable" "NextMethod" "grid.draw.gTableChild" "grid.draw" "drawGTree" "recordGraphics" "grid.draw.gTree" "NextMethod" "grid.draw.gTableChild" "grid.draw" "grid.draw.gtable" "NextMethod" "grid.draw.gTableChild" "grid.draw" "drawGTree" 
"grid.Call" "widthDetails.text" "widthDetails" "<Anonymous>" "grid.Call.graphics" "push.vp.viewport" "FUN" "lapply" "pushViewport" "preDrawDetails.gTableParent" "preDrawDetails" "preDraw.gTree" "preDraw" "drawGTree" 
"$<-" "set.gpar" "push.vp.viewport" "FUN" "lapply" "pushViewport" "grid.draw.gTableChild" "grid.draw" "drawGTree" "recordGraphics" "grid.draw.gTree" "grid.draw" "grid.draw.gtable" "grid.draw" "drawGTree" "recordGraphics" "grid.draw.gTree" "NextMethod" "grid.draw.absoluteGrob" "NextMethod" "grid.draw.gTableChild" "grid.draw" "drawGTree" 
"grid.Call.graphics" "drawDetails.polyline" "drawDetails" "drawGrob" "recordGraphics" "grid.draw.grob" "grid.draw" "drawGTree" "recordGraphics" "grid.draw.gTree" "grid.draw" "drawGTree" "recordGraphics" "grid.draw.gTree" "NextMethod" "grid.draw.gTableChild" "grid.draw" "drawGTree" 
"makeContext" "preDraw.gTree" "preDraw" "drawGTree" "recordGraphics" "grid.draw.gTree" "NextMethod" "grid.draw.gTableChild" "grid.draw" "grid.draw.gtable" "NextMethod" "grid.draw.gTableChild" "grid.draw" "drawGTree" 
".External" "<Anonymous>" "doTryCatch" "tryCatchOne" "tryCatchList" "tryCatch" "try" 
"unclass" "length.unit" "seq_along" "seq_along" "split" "drawDetails.polyline" "drawDetails" "drawGrob" "recordGraphics" "grid.draw.grob" "grid.draw" "drawGTree" "recordGraphics" "grid.draw.gTree" "grid.draw" "drawGTree" "recordGraphics" "grid.draw.gTree" "NextMethod" "grid.draw.gTableChild" "grid.draw" "drawGTree" 
"is.unit" "viewport" "<Anonymous>" "mapply" "grid.draw.gtable" "grid.draw" "drawGTree" "recordGraphics" "grid.draw.gTree" "NextMethod" "grid.draw.absoluteGrob" "NextMethod" "grid.draw.gTableChild" "grid.draw" "drawGTree" 
"$" "order" "do.call" "setChildren" "gTree" "grid.draw.gtable" "NextMethod" "grid.draw.gTableChild" "grid.draw" "drawGTree" 
"current.vpPath" "upViewport" "grid.draw.gTableChild" "grid.draw" "drawGTree" "recordGraphics" "grid.draw.gTree" "NextMethod" "grid.draw.gTableChild" "grid.draw" "grid.draw.gtable" "NextMethod" "grid.draw.gTableChild" "grid.draw" "drawGTree" "recordGraphics" "grid.draw.gTree" "NextMethod" "grid.draw.gTableChild" "grid.draw" "grid.draw.gtable" "NextMethod" "grid.draw.gTableChild" "grid.draw" "drawGTree" 
"NextMethod" "grid.draw.gTableChild" "grid.draw" "drawGTree" 
"makeContext" "preDraw.grob" "preDraw" "drawGrob" "recordGraphics" "grid.draw.grob" "grid.draw" "drawGTree" "recordGraphics" "grid.draw.gTree" "grid.draw" "drawGTree" "recordGraphics" "grid.draw.gTree" "NextMethod" "grid.draw.gTableChild" "grid.draw" "drawGTree" 
"makeContent" "drawGrob" "recordGraphics" "grid.draw.grob" "NextMethod" "grid.draw.gTableChild" "grid.draw" "drawGTree" "recordGraphics" "grid.draw.gTree" "grid.draw" "grid.draw.gtable" "grid.draw" "drawGTree" "recordGraphics" "grid.draw.gTree" "NextMethod" "grid.draw.absoluteGrob" "NextMethod" "grid.draw.gTableChild" "grid.draw" "drawGTree" 
"dim" "dim" "nrow" "valid.layout" "grid.layout" "gtable_layout" "valid.viewport" "viewport" "gTree" "grid.draw.gtable" "grid.draw" "drawGTree" "recordGraphics" "grid.draw.gTree" "NextMethod" "grid.draw.absoluteGrob" "NextMethod" "grid.draw.gTableChild" "grid.draw" "drawGTree" 
"as.list" "lapply" "sapply" "valid.data" "valid.unit" "unit" "is.unit" "viewport" "<Anonymous>" "mapply" "grid.draw.gtable" "NextMethod" "grid.draw.gTableChild" "grid.draw" "drawGTree" "recordGraphics" "grid.draw.gTree" "NextMethod" "grid.draw.gTableChild" "grid.draw" "grid.draw.gta